[2025-07-18 19:35:44] REQUEST recibido: Array
(
    [action] => obtener_planteles
)

[2025-07-18 19:35:44] Query planteles: SELECT id_pla, nom_pla, fec_pla FROM plantel ORDER BY nom_pla ASC
[2025-07-18 19:35:44] Planteles encontrados: 3
[2025-07-18 19:37:31] REQUEST recibido: Array
(
    [action] => obtener_planteles
)

[2025-07-18 19:37:31] Query planteles: SELECT id_pla, nom_pla, fec_pla FROM plantel ORDER BY nom_pla ASC
[2025-07-18 19:37:31] Planteles encontrados: 3
[2025-07-18 19:50:34] REQUEST recibido: Array
(
    [action] => obtener_planteles
)

[2025-07-18 19:50:34] Query planteles: SELECT id_pla, nom_pla, fec_pla FROM plantel ORDER BY nom_pla ASC
[2025-07-18 19:50:34] Planteles encontrados: 3
[2025-07-18 19:51:05] REQUEST recibido: Array
(
    [action] => obtener_planteles
)

[2025-07-18 19:51:05] Query planteles: SELECT id_pla, nom_pla, fec_pla FROM plantel ORDER BY nom_pla ASC
[2025-07-18 19:51:05] Planteles encontrados: 3
[2025-07-18 19:51:45] REQUEST recibido: Array
(
    [action] => obtener_planteles
)

[2025-07-18 19:51:45] Query planteles: SELECT id_pla, nom_pla, fec_pla FROM plantel ORDER BY nom_pla ASC
[2025-07-18 19:51:45] Planteles encontrados: 3
[2025-07-18 19:53:18] REQUEST recibido: Array
(
    [action] => obtener_planteles
)

[2025-07-18 19:53:18] Query planteles: SELECT id_pla, nom_pla, fec_pla FROM plantel ORDER BY nom_pla ASC
[2025-07-18 19:53:18] Planteles encontrados: 3
[2025-07-18 19:54:20] REQUEST recibido: Array
(
    [action] => obtener_planteles
)

[2025-07-18 19:54:20] Query planteles: SELECT id_pla, nom_pla, fec_pla FROM plantel ORDER BY nom_pla ASC
[2025-07-18 19:54:20] Planteles encontrados: 3
[2025-07-18 19:54:36] REQUEST recibido: Array
(
    [action] => obtener_planteles
)

[2025-07-18 19:54:36] Query planteles: SELECT id_pla, nom_pla, fec_pla FROM plantel ORDER BY nom_pla ASC
[2025-07-18 19:54:36] Planteles encontrados: 3
[2025-07-18 19:57:37] REQUEST recibido: Array
(
    [action] => obtener_planteles
)

[2025-07-18 19:57:37] Query planteles: SELECT id_pla, nom_pla, fec_pla FROM plantel ORDER BY nom_pla ASC
[2025-07-18 19:57:37] Planteles encontrados: 3
[2025-07-18 20:01:40] REQUEST recibido: Array
(
    [action] => obtener_planteles
)

[2025-07-18 20:01:40] Query planteles: SELECT id_pla, nom_pla, fec_pla FROM plantel ORDER BY nom_pla ASC
[2025-07-18 20:01:40] Planteles encontrados: 3
[2025-07-18 20:01:48] REQUEST recibido: Array
(
    [action] => obtener_planteles
)

[2025-07-18 20:01:48] Query planteles: SELECT id_pla, nom_pla, fec_pla FROM plantel ORDER BY nom_pla ASC
[2025-07-18 20:01:48] Planteles encontrados: 3
[2025-07-18 20:01:58] REQUEST recibido: Array
(
    [action] => obtener_planteles
)

[2025-07-18 20:01:58] Query planteles: SELECT id_pla, nom_pla, fec_pla FROM plantel ORDER BY nom_pla ASC
[2025-07-18 20:01:58] Planteles encontrados: 3
[2025-07-18 20:04:11] REQUEST recibido: Array
(
    [action] => obtener_planteles
)

[2025-07-18 20:04:11] Query planteles: SELECT id_pla, nom_pla, fec_pla FROM plantel ORDER BY nom_pla ASC
[2025-07-18 20:04:11] Planteles encontrados: 3
[2025-07-18 20:14:41] REQUEST recibido: Array
(
    [action] => obtener_planteles
)

[2025-07-18 20:14:41] Query planteles: SELECT id_pla, nom_pla, fec_pla FROM plantel ORDER BY nom_pla ASC
[2025-07-18 20:14:41] Planteles encontrados: 3
[2025-07-18 20:15:40] REQUEST recibido: Array
(
    [action] => obtener_planteles
)

[2025-07-18 20:15:40] Query planteles: SELECT id_pla, nom_pla, fec_pla FROM plantel ORDER BY nom_pla ASC
[2025-07-18 20:15:40] Planteles encontrados: 3
[2025-07-18 20:19:06] REQUEST recibido: Array
(
    [action] => obtener_planteles
)

[2025-07-18 20:19:06] Query planteles: SELECT id_pla, nom_pla, fec_pla FROM plantel ORDER BY nom_pla ASC
[2025-07-18 20:19:06] Planteles encontrados: 3
[2025-07-18 20:19:32] REQUEST recibido: Array
(
    [action] => obtener_planteles
)

[2025-07-18 20:19:32] Query planteles: SELECT id_pla, nom_pla, fec_pla FROM plantel ORDER BY nom_pla ASC
[2025-07-18 20:19:32] Planteles encontrados: 3
[2025-07-18 20:19:59] REQUEST recibido: Array
(
    [action] => obtener_planteles
)

[2025-07-18 20:19:59] Query planteles: SELECT id_pla, nom_pla, fec_pla FROM plantel ORDER BY nom_pla ASC
[2025-07-18 20:19:59] Planteles encontrados: 3
[2025-07-18 20:25:22] REQUEST recibido: Array
(
    [action] => obtener_planteles
)

[2025-07-18 20:25:22] Query planteles: SELECT id_pla, nom_pla, fec_pla FROM plantel ORDER BY nom_pla ASC
[2025-07-18 20:25:22] Planteles encontrados: 3
[2025-07-18 20:44:59] REQUEST recibido: Array
(
    [action] => obtener_planteles
)

[2025-07-18 20:44:59] Query planteles: SELECT id_pla, nom_pla, fec_pla FROM plantel ORDER BY nom_pla ASC
[2025-07-18 20:44:59] Planteles encontrados: 3
[2025-07-18 21:06:36] REQUEST recibido: Array
(
    [action] => obtener_planteles
)

[2025-07-18 21:06:36] Query planteles: SELECT id_pla, nom_pla, fec_pla FROM plantel ORDER BY nom_pla ASC
[2025-07-18 21:06:36] Planteles encontrados: 3
[2025-07-18 21:13:33] REQUEST recibido: Array
(
    [action] => obtener_planteles
)

[2025-07-18 21:13:33] Query planteles: SELECT id_pla, nom_pla, fec_pla FROM plantel ORDER BY nom_pla ASC
[2025-07-18 21:13:33] Planteles encontrados: 3
[2025-07-18 21:16:44] REQUEST recibido: Array
(
    [action] => obtener_planteles
)

[2025-07-18 21:16:44] Query planteles: SELECT id_pla, nom_pla, fec_pla FROM plantel ORDER BY nom_pla ASC
[2025-07-18 21:16:44] Planteles encontrados: 3
[2025-07-18 21:16:53] REQUEST recibido: Array
(
    [action] => obtener_planteles
)

[2025-07-18 21:16:53] Query planteles: SELECT id_pla, nom_pla, fec_pla FROM plantel ORDER BY nom_pla ASC
[2025-07-18 21:16:53] Planteles encontrados: 3
[2025-07-18 21:17:03] REQUEST recibido: Array
(
    [action] => obtener_planteles
)

[2025-07-18 21:17:03] Query planteles: SELECT id_pla, nom_pla, fec_pla FROM plantel ORDER BY nom_pla ASC
[2025-07-18 21:17:03] Planteles encontrados: 3
[2025-07-18 21:17:04] REQUEST recibido: Array
(
    [action] => obtener_planteles
)

[2025-07-18 21:17:04] Query planteles: SELECT id_pla, nom_pla, fec_pla FROM plantel ORDER BY nom_pla ASC
[2025-07-18 21:17:04] Planteles encontrados: 3
[2025-07-18 21:19:22] REQUEST recibido: Array
(
    [action] => obtener_planteles
)

[2025-07-18 21:19:23] Query planteles: SELECT id_pla, nom_pla, fec_pla FROM plantel ORDER BY nom_pla ASC
[2025-07-18 21:19:23] Planteles encontrados: 3
[2025-07-18 21:22:25] REQUEST recibido: Array
(
    [action] => obtener_planteles
)

[2025-07-18 21:22:25] Query planteles: SELECT id_pla, nom_pla, fec_pla FROM plantel ORDER BY nom_pla ASC
[2025-07-18 21:22:25] Planteles encontrados: 3
[2025-07-18 21:27:15] REQUEST recibido: Array
(
    [action] => obtener_planteles
)

[2025-07-18 21:27:15] Query planteles: SELECT id_pla, nom_pla, fec_pla FROM plantel ORDER BY nom_pla ASC
[2025-07-18 21:27:15] Planteles encontrados: 3
[2025-07-18 21:28:10] REQUEST recibido: Array
(
    [action] => obtener_planteles
)

[2025-07-18 21:28:10] Query planteles: SELECT id_pla, nom_pla, fec_pla FROM plantel ORDER BY nom_pla ASC
[2025-07-18 21:28:10] Planteles encontrados: 3
[2025-07-18 21:30:37] REQUEST recibido: Array
(
    [action] => obtener_planteles
)

[2025-07-18 21:30:37] Query planteles: SELECT id_pla, nom_pla, fec_pla FROM plantel ORDER BY nom_pla ASC
[2025-07-18 21:30:37] Planteles encontrados: 3
[2025-07-18 21:31:34] REQUEST recibido: Array
(
    [action] => obtener_planteles
)

[2025-07-18 21:31:34] Query planteles: SELECT id_pla, nom_pla, fec_pla FROM plantel ORDER BY nom_pla ASC
[2025-07-18 21:31:34] Planteles encontrados: 3
[2025-07-18 21:31:45] REQUEST recibido: Array
(
    [action] => obtener_planteles
)

[2025-07-18 21:31:45] Query planteles: SELECT id_pla, nom_pla, fec_pla FROM plantel ORDER BY nom_pla ASC
[2025-07-18 21:31:45] Planteles encontrados: 3
[2025-07-18 21:32:00] REQUEST recibido: Array
(
    [action] => obtener_planteles
)

[2025-07-18 21:32:00] Query planteles: SELECT id_pla, nom_pla, fec_pla FROM plantel ORDER BY nom_pla ASC
[2025-07-18 21:32:00] Planteles encontrados: 3
[2025-07-18 21:32:44] REQUEST recibido: Array
(
    [action] => obtener_planteles
)

[2025-07-18 21:32:44] Query planteles: SELECT id_pla, nom_pla, fec_pla FROM plantel ORDER BY nom_pla ASC
[2025-07-18 21:32:44] Planteles encontrados: 3
[2025-07-18 21:33:09] REQUEST recibido: Array
(
    [action] => obtener_planteles
)

[2025-07-18 21:33:09] Query planteles: SELECT id_pla, nom_pla, fec_pla FROM plantel ORDER BY nom_pla ASC
[2025-07-18 21:33:09] Planteles encontrados: 3
[2025-07-18 21:33:24] REQUEST recibido: Array
(
    [action] => obtener_planteles
)

[2025-07-18 21:33:24] Query planteles: SELECT id_pla, nom_pla, fec_pla FROM plantel ORDER BY nom_pla ASC
[2025-07-18 21:33:24] Planteles encontrados: 3
[2025-07-18 21:33:46] REQUEST recibido: Array
(
    [action] => obtener_planteles
)

[2025-07-18 21:33:46] Query planteles: SELECT id_pla, nom_pla, fec_pla FROM plantel ORDER BY nom_pla ASC
[2025-07-18 21:33:46] Planteles encontrados: 3
[2025-07-18 21:36:39] REQUEST recibido: Array
(
    [action] => obtener_planteles
)

[2025-07-18 21:36:39] Query planteles: SELECT id_pla, nom_pla, fec_pla FROM plantel ORDER BY nom_pla ASC
[2025-07-18 21:36:39] Planteles encontrados: 3
[2025-07-18 21:37:45] REQUEST recibido: Array
(
    [action] => obtener_planteles
)

[2025-07-18 21:37:45] Query planteles: SELECT id_pla, nom_pla, fec_pla FROM plantel ORDER BY nom_pla ASC
[2025-07-18 21:37:45] Planteles encontrados: 3
[2025-07-18 21:39:05] REQUEST recibido: Array
(
    [action] => obtener_planteles
)

[2025-07-18 21:39:05] Query planteles: SELECT id_pla, nom_pla, fec_pla FROM plantel ORDER BY nom_pla ASC
[2025-07-18 21:39:05] Planteles encontrados: 3
[2025-07-18 21:43:42] REQUEST recibido: Array
(
    [action] => obtener_planteles
)

[2025-07-18 21:43:42] Query planteles: SELECT id_pla, nom_pla, fec_pla FROM plantel ORDER BY nom_pla ASC
[2025-07-18 21:43:42] Planteles encontrados: 3
[2025-07-18 21:51:53] REQUEST recibido: Array
(
    [action] => obtener_planteles
)

[2025-07-18 21:51:53] Query planteles: SELECT id_pla, nom_pla, fec_pla FROM plantel ORDER BY nom_pla ASC
[2025-07-18 21:51:53] Planteles encontrados: 3
[2025-07-18 21:56:25] REQUEST recibido: Array
(
    [action] => obtener_planteles
)

[2025-07-18 21:56:25] Query planteles: SELECT id_pla, nom_pla, fec_pla FROM plantel ORDER BY nom_pla ASC
[2025-07-18 21:56:25] Planteles encontrados: 3
[2025-07-18 21:57:46] REQUEST recibido: Array
(
    [action] => obtener_planteles
)

[2025-07-18 21:57:46] Query planteles: SELECT id_pla, nom_pla, fec_pla FROM plantel ORDER BY nom_pla ASC
[2025-07-18 21:57:46] Planteles encontrados: 3
[2025-07-18 22:00:12] REQUEST recibido: Array
(
    [action] => obtener_planteles
)

[2025-07-18 22:00:12] Query planteles: SELECT id_pla, nom_pla, fec_pla FROM plantel ORDER BY nom_pla ASC
[2025-07-18 22:00:12] Planteles encontrados: 3
[2025-07-18 22:00:31] REQUEST recibido: Array
(
    [action] => obtener_planteles
)

[2025-07-18 22:00:31] Query planteles: SELECT id_pla, nom_pla, fec_pla FROM plantel ORDER BY nom_pla ASC
[2025-07-18 22:00:31] Planteles encontrados: 3
[2025-07-21 18:05:11] REQUEST recibido: Array
(
    [action] => obtener_planteles
)

[2025-07-21 18:05:11] Query planteles: SELECT id_pla, nom_pla, fec_pla FROM plantel ORDER BY nom_pla ASC
[2025-07-21 18:05:11] Planteles encontrados: 3
[2025-07-21 18:09:35] REQUEST recibido: Array
(
    [action] => obtener_planteles
)

[2025-07-21 18:09:35] Query planteles: SELECT id_pla, nom_pla, fec_pla FROM plantel ORDER BY nom_pla ASC
[2025-07-21 18:09:35] Planteles encontrados: 3
[2025-07-21 18:23:28] REQUEST recibido: Array
(
    [action] => obtener_planteles
)

[2025-07-21 18:23:28] Query planteles: SELECT id_pla, nom_pla, fec_pla FROM plantel ORDER BY nom_pla ASC
[2025-07-21 18:23:28] Planteles encontrados: 3
[2025-07-21 18:23:28] REQUEST recibido: Array
(
    [action] => obtener_citas_totales_por_plantel
    [id_pla] => 6
)

[2025-07-21 18:23:28] REQUEST recibido: Array
(
    [action] => obtener_citas_totales_por_plantel
    [id_pla] => 3
)

[2025-07-21 18:23:28] REQUEST recibido: Array
(
    [action] => obtener_citas_totales_por_plantel
    [id_pla] => 2
)

[2025-07-21 18:23:28] REQUEST recibido: Array
(
    [action] => obtener_ejecutivos_con_citas
)

[2025-07-21 18:23:28] Query ejecutivos con citas: SELECT e.id_eje, e.nom_eje, e.tel_eje, e.eli_eje, e.id_padre, e.id_pla, e.ult_eje,
					         p.nom_pla as plantel_principal,
					         COUNT(DISTINCT c.id_cit) as citas_propias,
					         GROUP_CONCAT(DISTINCT CONCAT(pa.id_pla, ':', pa.nom_pla) SEPARATOR '|') as planteles_asociados,
					         COUNT(DISTINCT pe.id_pla) as total_planteles_asociados,
					         CASE 
					             WHEN e.ult_eje IS NULL THEN 'sin_sesion'
					             WHEN TIMESTAMPDIFF(DAY, e.ult_eje, NOW()) <= 1 THEN 'verde'
					             WHEN TIMESTAMPDIFF(DAY, e.ult_eje, NOW()) BETWEEN 2 AND 3 THEN 'amarillo'
					             WHEN TIMESTAMPDIFF(DAY, e.ult_eje, NOW()) >= 4 THEN 'rojo'
					             ELSE 'sin_sesion'
					         END as semaforo_sesion,
					         TIMESTAMPDIFF(DAY, e.ult_eje, NOW()) as dias_desde_ultima_sesion
					  FROM ejecutivo e 
					  LEFT JOIN plantel p ON e.id_pla = p.id_pla 
					  LEFT JOIN cita c ON e.id_eje = c.id_eje2 AND c.eli_cit = 1 
					  LEFT JOIN planteles_ejecutivo pe ON e.id_eje = pe.id_eje
					  LEFT JOIN plantel pa ON pe.id_pla = pa.id_pla
					  GROUP BY e.id_eje, e.nom_eje, e.tel_eje, e.eli_eje, e.id_padre, e.id_pla, e.ult_eje, p.nom_pla
					  ORDER BY e.eli_eje DESC, e.nom_eje ASC
[2025-07-21 18:23:28] Ejecutivo ID: 9 - Citas propias: 6 - Citas hijos: 0 - Total: 6
[2025-07-21 18:23:28] Ejecutivo ID: 4 - Citas propias: 7 - Citas hijos: 0 - Total: 7
[2025-07-21 18:23:28] Ejecutivo ID: 11 - Citas propias: 6 - Citas hijos: 0 - Total: 6
[2025-07-21 18:23:28] Ejecutivo ID: 16 - Citas propias: 5 - Citas hijos: 13 - Total: 18
[2025-07-21 18:23:28] Ejecutivo ID: 11 - Citas propias: 6 - Citas hijos: 0 - Total: 6
[2025-07-21 18:23:28] Ejecutivo ID: 13 - Citas propias: 4 - Citas hijos: 0 - Total: 4
[2025-07-21 18:23:28] Ejecutivo ID: 12 - Citas propias: 5 - Citas hijos: 4 - Total: 9
[2025-07-21 18:23:28] Ejecutivo ID: 6 - Citas propias: 4 - Citas hijos: 0 - Total: 4
[2025-07-21 18:23:28] Ejecutivo ID: 21 - Citas propias: 5 - Citas hijos: 0 - Total: 5
[2025-07-21 18:23:28] Ejecutivo ID: 15 - Citas propias: 6 - Citas hijos: 9 - Total: 15
[2025-07-21 18:23:28] Ejecutivo ID: 18 - Citas propias: 5 - Citas hijos: 0 - Total: 5
[2025-07-21 18:23:28] Ejecutivo ID: 6 - Citas propias: 4 - Citas hijos: 0 - Total: 4
[2025-07-21 18:23:28] Ejecutivo ID: 4 - Citas propias: 7 - Citas hijos: 0 - Total: 7
[2025-07-21 18:23:28] Ejecutivo ID: 10 - Citas propias: 4 - Citas hijos: 0 - Total: 4
[2025-07-21 18:23:28] Ejecutivo ID: 2 - Citas propias: 5 - Citas hijos: 0 - Total: 5
[2025-07-21 18:23:28] Ejecutivo ID: 14 - Citas propias: 5 - Citas hijos: 0 - Total: 5
[2025-07-21 18:23:28] Ejecutivo ID: 21 - Citas propias: 5 - Citas hijos: 0 - Total: 5
[2025-07-21 18:23:28] Ejecutivo ID: 20 - Citas propias: 6 - Citas hijos: 0 - Total: 6
[2025-07-21 18:23:28] Ejecutivo ID: 13 - Citas propias: 4 - Citas hijos: 0 - Total: 4
[2025-07-21 18:23:28] Ejecutivo ID: 1 - Citas propias: 0 - Citas hijos: 0 - Total: 0
[2025-07-21 18:23:28] Ejecutivos con citas encontrados: 15
[2025-07-21 18:23:28] REQUEST recibido: Array
(
    [action] => obtener_citas_totales_por_plantel
    [id_pla] => 6
)

[2025-07-21 18:23:28] REQUEST recibido: Array
(
    [action] => obtener_citas_totales_por_plantel
    [id_pla] => 3
)

[2025-07-21 18:23:28] REQUEST recibido: Array
(
    [action] => obtener_citas_totales_por_plantel
    [id_pla] => 2
)

[2025-07-21 18:23:33] REQUEST recibido: Array
(
    [action] => mover_ejecutivo
    [id_eje] => 2
    [id_padre] => 
    [id_pla] => 3
)

[2025-07-21 18:23:33] ==============================================
[2025-07-21 18:23:33] MOVER EJECUTIVO - REQUEST RECIBIDO
[2025-07-21 18:23:33] POST data completo: Array
(
    [action] => mover_ejecutivo
    [id_eje] => 2
    [id_padre] => 
    [id_pla] => 3
)

[2025-07-21 18:23:33] Valores procesados:
[2025-07-21 18:23:33] - ID Ejecutivo: 2
[2025-07-21 18:23:33] - ID Padre: NULL
[2025-07-21 18:23:33] - ID Plantel: 3
[2025-07-21 18:23:33] ANTES - Ejecutivo: María Fernanda López, Padre anterior: , Plantel anterior: 6
[2025-07-21 18:23:33] NUEVO PLANTEL: Plantel Ecatepec (ID: 3)
[2025-07-21 18:23:33] QUERY MOVER: UPDATE ejecutivo SET id_padre = NULL, id_pla = '3' WHERE id_eje = '2'
[2025-07-21 18:23:33] VERIFICACIÓN - Nuevo padre: , Nuevo plantel: 3
[2025-07-21 18:23:33] EJECUTIVO MOVIDO EXITOSAMENTE
[2025-07-21 18:23:33] RESPUESTA ENVIADA: SUCCESS
[2025-07-21 18:23:33] ==============================================
[2025-07-21 18:23:33] REQUEST recibido: Array
(
    [action] => obtener_ejecutivos_con_citas
)

[2025-07-21 18:23:33] Query ejecutivos con citas: SELECT e.id_eje, e.nom_eje, e.tel_eje, e.eli_eje, e.id_padre, e.id_pla, e.ult_eje,
					         p.nom_pla as plantel_principal,
					         COUNT(DISTINCT c.id_cit) as citas_propias,
					         GROUP_CONCAT(DISTINCT CONCAT(pa.id_pla, ':', pa.nom_pla) SEPARATOR '|') as planteles_asociados,
					         COUNT(DISTINCT pe.id_pla) as total_planteles_asociados,
					         CASE 
					             WHEN e.ult_eje IS NULL THEN 'sin_sesion'
					             WHEN TIMESTAMPDIFF(DAY, e.ult_eje, NOW()) <= 1 THEN 'verde'
					             WHEN TIMESTAMPDIFF(DAY, e.ult_eje, NOW()) BETWEEN 2 AND 3 THEN 'amarillo'
					             WHEN TIMESTAMPDIFF(DAY, e.ult_eje, NOW()) >= 4 THEN 'rojo'
					             ELSE 'sin_sesion'
					         END as semaforo_sesion,
					         TIMESTAMPDIFF(DAY, e.ult_eje, NOW()) as dias_desde_ultima_sesion
					  FROM ejecutivo e 
					  LEFT JOIN plantel p ON e.id_pla = p.id_pla 
					  LEFT JOIN cita c ON e.id_eje = c.id_eje2 AND c.eli_cit = 1 
					  LEFT JOIN planteles_ejecutivo pe ON e.id_eje = pe.id_eje
					  LEFT JOIN plantel pa ON pe.id_pla = pa.id_pla
					  GROUP BY e.id_eje, e.nom_eje, e.tel_eje, e.eli_eje, e.id_padre, e.id_pla, e.ult_eje, p.nom_pla
					  ORDER BY e.eli_eje DESC, e.nom_eje ASC
[2025-07-21 18:23:33] Ejecutivo ID: 9 - Citas propias: 6 - Citas hijos: 0 - Total: 6
[2025-07-21 18:23:33] Ejecutivo ID: 4 - Citas propias: 7 - Citas hijos: 0 - Total: 7
[2025-07-21 18:23:33] Ejecutivo ID: 11 - Citas propias: 6 - Citas hijos: 0 - Total: 6
[2025-07-21 18:23:33] Ejecutivo ID: 16 - Citas propias: 5 - Citas hijos: 13 - Total: 18
[2025-07-21 18:23:33] Ejecutivo ID: 11 - Citas propias: 6 - Citas hijos: 0 - Total: 6
[2025-07-21 18:23:33] Ejecutivo ID: 13 - Citas propias: 4 - Citas hijos: 0 - Total: 4
[2025-07-21 18:23:33] Ejecutivo ID: 12 - Citas propias: 5 - Citas hijos: 4 - Total: 9
[2025-07-21 18:23:33] Ejecutivo ID: 6 - Citas propias: 4 - Citas hijos: 0 - Total: 4
[2025-07-21 18:23:33] Ejecutivo ID: 21 - Citas propias: 5 - Citas hijos: 0 - Total: 5
[2025-07-21 18:23:33] Ejecutivo ID: 15 - Citas propias: 6 - Citas hijos: 9 - Total: 15
[2025-07-21 18:23:33] Ejecutivo ID: 18 - Citas propias: 5 - Citas hijos: 0 - Total: 5
[2025-07-21 18:23:33] Ejecutivo ID: 6 - Citas propias: 4 - Citas hijos: 0 - Total: 4
[2025-07-21 18:23:33] Ejecutivo ID: 4 - Citas propias: 7 - Citas hijos: 0 - Total: 7
[2025-07-21 18:23:33] Ejecutivo ID: 10 - Citas propias: 4 - Citas hijos: 0 - Total: 4
[2025-07-21 18:23:33] Ejecutivo ID: 2 - Citas propias: 5 - Citas hijos: 0 - Total: 5
[2025-07-21 18:23:33] Ejecutivo ID: 14 - Citas propias: 5 - Citas hijos: 0 - Total: 5
[2025-07-21 18:23:33] Ejecutivo ID: 21 - Citas propias: 5 - Citas hijos: 0 - Total: 5
[2025-07-21 18:23:33] Ejecutivo ID: 20 - Citas propias: 6 - Citas hijos: 0 - Total: 6
[2025-07-21 18:23:33] Ejecutivo ID: 13 - Citas propias: 4 - Citas hijos: 0 - Total: 4
[2025-07-21 18:23:33] Ejecutivo ID: 1 - Citas propias: 0 - Citas hijos: 0 - Total: 0
[2025-07-21 18:23:33] Ejecutivos con citas encontrados: 15
[2025-07-21 18:23:33] REQUEST recibido: Array
(
    [action] => obtener_citas_totales_por_plantel
    [id_pla] => 3
)

[2025-07-21 18:23:33] REQUEST recibido: Array
(
    [action] => obtener_citas_totales_por_plantel
    [id_pla] => 6
)

[2025-07-21 18:23:33] REQUEST recibido: Array
(
    [action] => obtener_citas_totales_por_plantel
    [id_pla] => 2
)

[2025-07-21 18:40:24] REQUEST recibido: Array
(
    [action] => obtener_planteles
)

[2025-07-21 18:40:24] Query planteles: SELECT id_pla, nom_pla, fec_pla FROM plantel ORDER BY nom_pla ASC
[2025-07-21 18:40:24] Planteles encontrados: 3
[2025-07-21 18:40:50] REQUEST recibido: Array
(
    [action] => obtener_planteles
)

[2025-07-21 18:41:00] REQUEST recibido: Array
(
    [action] => obtener_planteles
)

[2025-07-21 18:43:04] REQUEST recibido: Array
(
    [action] => obtener_planteles
)

[2025-07-21 18:43:04] Query planteles: SELECT id_pla, nom_pla, fec_pla FROM plantel ORDER BY nom_pla ASC
[2025-07-21 18:43:04] Planteles encontrados: 3
[2025-07-21 18:43:04] REQUEST recibido: Array
(
    [action] => obtener_citas_totales_por_plantel
    [id_pla] => 6
)

[2025-07-21 18:43:04] REQUEST recibido: Array
(
    [action] => obtener_citas_totales_por_plantel
    [id_pla] => 3
)

[2025-07-21 18:43:04] REQUEST recibido: Array
(
    [action] => obtener_citas_totales_por_plantel
    [id_pla] => 2
)

[2025-07-21 18:43:04] REQUEST recibido: Array
(
    [action] => obtener_ejecutivos_con_citas
)

[2025-07-21 18:43:04] Query ejecutivos con citas: SELECT e.id_eje, e.nom_eje, e.tel_eje, e.eli_eje, e.id_padre, e.id_pla, e.ult_eje,
					         p.nom_pla as plantel_principal,
					         COUNT(DISTINCT c.id_cit) as citas_propias,
					         GROUP_CONCAT(DISTINCT CONCAT(pa.id_pla, ':', pa.nom_pla) SEPARATOR '|') as planteles_asociados,
					         COUNT(DISTINCT pe.id_pla) as total_planteles_asociados,
					         CASE 
					             WHEN e.ult_eje IS NULL THEN 'sin_sesion'
					             WHEN TIMESTAMPDIFF(DAY, e.ult_eje, NOW()) <= 1 THEN 'verde'
					             WHEN TIMESTAMPDIFF(DAY, e.ult_eje, NOW()) BETWEEN 2 AND 3 THEN 'amarillo'
					             WHEN TIMESTAMPDIFF(DAY, e.ult_eje, NOW()) >= 4 THEN 'rojo'
					             ELSE 'sin_sesion'
					         END as semaforo_sesion,
					         TIMESTAMPDIFF(DAY, e.ult_eje, NOW()) as dias_desde_ultima_sesion
					  FROM ejecutivo e 
					  LEFT JOIN plantel p ON e.id_pla = p.id_pla 
					  LEFT JOIN cita c ON e.id_eje = c.id_eje2 AND c.eli_cit = 1 
					  LEFT JOIN planteles_ejecutivo pe ON e.id_eje = pe.id_eje
					  LEFT JOIN plantel pa ON pe.id_pla = pa.id_pla
					  GROUP BY e.id_eje, e.nom_eje, e.tel_eje, e.eli_eje, e.id_padre, e.id_pla, e.ult_eje, p.nom_pla
					  ORDER BY e.eli_eje DESC, e.nom_eje ASC
[2025-07-21 18:43:04] Ejecutivo ID: 9 - Citas propias: 6 - Citas hijos: 0 - Total: 6
[2025-07-21 18:43:04] Ejecutivo ID: 4 - Citas propias: 7 - Citas hijos: 0 - Total: 7
[2025-07-21 18:43:04] Ejecutivo ID: 11 - Citas propias: 6 - Citas hijos: 0 - Total: 6
[2025-07-21 18:43:04] Ejecutivo ID: 16 - Citas propias: 5 - Citas hijos: 13 - Total: 18
[2025-07-21 18:43:04] Ejecutivo ID: 11 - Citas propias: 6 - Citas hijos: 0 - Total: 6
[2025-07-21 18:43:04] Ejecutivo ID: 13 - Citas propias: 4 - Citas hijos: 0 - Total: 4
[2025-07-21 18:43:04] Ejecutivo ID: 12 - Citas propias: 5 - Citas hijos: 4 - Total: 9
[2025-07-21 18:43:04] Ejecutivo ID: 6 - Citas propias: 4 - Citas hijos: 0 - Total: 4
[2025-07-21 18:43:04] Ejecutivo ID: 21 - Citas propias: 5 - Citas hijos: 0 - Total: 5
[2025-07-21 18:43:04] Ejecutivo ID: 15 - Citas propias: 6 - Citas hijos: 9 - Total: 15
[2025-07-21 18:43:04] Ejecutivo ID: 18 - Citas propias: 5 - Citas hijos: 0 - Total: 5
[2025-07-21 18:43:04] Ejecutivo ID: 6 - Citas propias: 4 - Citas hijos: 0 - Total: 4
[2025-07-21 18:43:04] Ejecutivo ID: 4 - Citas propias: 7 - Citas hijos: 0 - Total: 7
[2025-07-21 18:43:04] Ejecutivo ID: 10 - Citas propias: 4 - Citas hijos: 0 - Total: 4
[2025-07-21 18:43:04] Ejecutivo ID: 2 - Citas propias: 5 - Citas hijos: 0 - Total: 5
[2025-07-21 18:43:04] Ejecutivo ID: 14 - Citas propias: 5 - Citas hijos: 0 - Total: 5
[2025-07-21 18:43:04] Ejecutivo ID: 21 - Citas propias: 5 - Citas hijos: 0 - Total: 5
[2025-07-21 18:43:04] Ejecutivo ID: 20 - Citas propias: 6 - Citas hijos: 0 - Total: 6
[2025-07-21 18:43:04] Ejecutivo ID: 13 - Citas propias: 4 - Citas hijos: 0 - Total: 4
[2025-07-21 18:43:04] Ejecutivo ID: 1 - Citas propias: 0 - Citas hijos: 0 - Total: 0
[2025-07-21 18:43:04] Ejecutivos con citas encontrados: 15
[2025-07-21 18:43:04] REQUEST recibido: Array
(
    [action] => obtener_citas_totales_por_plantel
    [id_pla] => 6
)

[2025-07-21 18:43:04] REQUEST recibido: Array
(
    [action] => obtener_citas_totales_por_plantel
    [id_pla] => 3
)

[2025-07-21 18:43:04] REQUEST recibido: Array
(
    [action] => obtener_citas_totales_por_plantel
    [id_pla] => 2
)

[2025-07-21 18:43:22] REQUEST recibido: Array
(
    [action] => obtener_planteles
)

[2025-07-21 18:43:22] Query planteles: SELECT id_pla, nom_pla, fec_pla FROM plantel ORDER BY nom_pla ASC
[2025-07-21 18:43:22] Planteles encontrados: 3
[2025-07-21 18:44:18] REQUEST recibido: Array
(
    [action] => obtener_planteles
)

[2025-07-21 18:44:18] Query planteles: SELECT id_pla, nom_pla, fec_pla FROM plantel ORDER BY nom_pla ASC
[2025-07-21 18:44:18] Planteles encontrados: 3
[2025-07-21 18:44:18] REQUEST recibido: Array
(
    [action] => obtener_citas_totales_por_plantel
    [id_pla] => 3
)

[2025-07-21 18:44:18] REQUEST recibido: Array
(
    [action] => obtener_citas_totales_por_plantel
    [id_pla] => 6
)

[2025-07-21 18:44:18] REQUEST recibido: Array
(
    [action] => obtener_citas_totales_por_plantel
    [id_pla] => 2
)

[2025-07-21 18:44:18] REQUEST recibido: Array
(
    [action] => obtener_ejecutivos_con_citas
)

[2025-07-21 18:44:18] Query ejecutivos con citas: SELECT e.id_eje, e.nom_eje, e.tel_eje, e.eli_eje, e.id_padre, e.id_pla, e.ult_eje,
					         p.nom_pla as plantel_principal,
					         COUNT(DISTINCT c.id_cit) as citas_propias,
					         GROUP_CONCAT(DISTINCT CONCAT(pa.id_pla, ':', pa.nom_pla) SEPARATOR '|') as planteles_asociados,
					         COUNT(DISTINCT pe.id_pla) as total_planteles_asociados,
					         CASE 
					             WHEN e.ult_eje IS NULL THEN 'sin_sesion'
					             WHEN TIMESTAMPDIFF(DAY, e.ult_eje, NOW()) <= 1 THEN 'verde'
					             WHEN TIMESTAMPDIFF(DAY, e.ult_eje, NOW()) BETWEEN 2 AND 3 THEN 'amarillo'
					             WHEN TIMESTAMPDIFF(DAY, e.ult_eje, NOW()) >= 4 THEN 'rojo'
					             ELSE 'sin_sesion'
					         END as semaforo_sesion,
					         TIMESTAMPDIFF(DAY, e.ult_eje, NOW()) as dias_desde_ultima_sesion
					  FROM ejecutivo e 
					  LEFT JOIN plantel p ON e.id_pla = p.id_pla 
					  LEFT JOIN cita c ON e.id_eje = c.id_eje2 AND c.eli_cit = 1 
					  LEFT JOIN planteles_ejecutivo pe ON e.id_eje = pe.id_eje
					  LEFT JOIN plantel pa ON pe.id_pla = pa.id_pla
					  GROUP BY e.id_eje, e.nom_eje, e.tel_eje, e.eli_eje, e.id_padre, e.id_pla, e.ult_eje, p.nom_pla
					  ORDER BY e.eli_eje DESC, e.nom_eje ASC
[2025-07-21 18:44:18] Ejecutivo ID: 9 - Citas propias: 6 - Citas hijos: 0 - Total: 6
[2025-07-21 18:44:18] Ejecutivo ID: 4 - Citas propias: 7 - Citas hijos: 0 - Total: 7
[2025-07-21 18:44:18] Ejecutivo ID: 11 - Citas propias: 6 - Citas hijos: 0 - Total: 6
[2025-07-21 18:44:18] Ejecutivo ID: 16 - Citas propias: 5 - Citas hijos: 13 - Total: 18
[2025-07-21 18:44:18] Ejecutivo ID: 11 - Citas propias: 6 - Citas hijos: 0 - Total: 6
[2025-07-21 18:44:18] Ejecutivo ID: 13 - Citas propias: 4 - Citas hijos: 0 - Total: 4
[2025-07-21 18:44:18] Ejecutivo ID: 12 - Citas propias: 5 - Citas hijos: 4 - Total: 9
[2025-07-21 18:44:18] Ejecutivo ID: 6 - Citas propias: 4 - Citas hijos: 0 - Total: 4
[2025-07-21 18:44:18] Ejecutivo ID: 21 - Citas propias: 5 - Citas hijos: 0 - Total: 5
[2025-07-21 18:44:18] Ejecutivo ID: 15 - Citas propias: 6 - Citas hijos: 9 - Total: 15
[2025-07-21 18:44:18] Ejecutivo ID: 18 - Citas propias: 5 - Citas hijos: 0 - Total: 5
[2025-07-21 18:44:18] Ejecutivo ID: 6 - Citas propias: 4 - Citas hijos: 0 - Total: 4
[2025-07-21 18:44:18] Ejecutivo ID: 4 - Citas propias: 7 - Citas hijos: 0 - Total: 7
[2025-07-21 18:44:18] Ejecutivo ID: 10 - Citas propias: 4 - Citas hijos: 0 - Total: 4
[2025-07-21 18:44:19] Ejecutivo ID: 2 - Citas propias: 5 - Citas hijos: 0 - Total: 5
[2025-07-21 18:44:19] Ejecutivo ID: 14 - Citas propias: 5 - Citas hijos: 0 - Total: 5
[2025-07-21 18:44:19] Ejecutivo ID: 21 - Citas propias: 5 - Citas hijos: 0 - Total: 5
[2025-07-21 18:44:19] Ejecutivo ID: 20 - Citas propias: 6 - Citas hijos: 0 - Total: 6
[2025-07-21 18:44:19] Ejecutivo ID: 13 - Citas propias: 4 - Citas hijos: 0 - Total: 4
[2025-07-21 18:44:19] Ejecutivo ID: 1 - Citas propias: 0 - Citas hijos: 0 - Total: 0
[2025-07-21 18:44:19] Ejecutivos con citas encontrados: 15
[2025-07-21 18:44:19] REQUEST recibido: Array
(
    [action] => obtener_citas_totales_por_plantel
    [id_pla] => 2
)

[2025-07-21 18:44:20] REQUEST recibido: Array
(
    [action] => obtener_planteles
)

[2025-07-21 18:44:20] Query planteles: SELECT id_pla, nom_pla, fec_pla FROM plantel ORDER BY nom_pla ASC
[2025-07-21 18:44:20] Planteles encontrados: 3
[2025-07-21 18:45:28] REQUEST recibido: Array
(
    [action] => obtener_planteles
)

[2025-07-21 18:45:28] Query planteles: SELECT id_pla, nom_pla, fec_pla FROM plantel ORDER BY nom_pla ASC
[2025-07-21 18:45:28] Planteles encontrados: 3
[2025-07-21 18:46:43] REQUEST recibido: Array
(
    [action] => obtener_planteles
)

[2025-07-21 18:46:43] Query planteles: SELECT id_pla, nom_pla, fec_pla FROM plantel ORDER BY nom_pla ASC
[2025-07-21 18:46:43] Planteles encontrados: 3
[2025-07-21 18:48:00] REQUEST recibido: Array
(
    [action] => obtener_planteles
)

[2025-07-21 18:48:00] Query planteles: SELECT id_pla, nom_pla, fec_pla FROM plantel ORDER BY nom_pla ASC
[2025-07-21 18:48:00] Planteles encontrados: 3
[2025-07-21 18:48:00] REQUEST recibido: Array
(
    [action] => obtener_citas_totales_por_plantel
    [id_pla] => 6
)

[2025-07-21 18:48:00] REQUEST recibido: Array
(
    [action] => obtener_citas_totales_por_plantel
    [id_pla] => 3
)

[2025-07-21 18:48:00] REQUEST recibido: Array
(
    [action] => obtener_citas_totales_por_plantel
    [id_pla] => 2
)

[2025-07-21 18:48:00] REQUEST recibido: Array
(
    [action] => obtener_ejecutivos_con_citas
)

[2025-07-21 18:48:00] Query ejecutivos con citas: SELECT e.id_eje, e.nom_eje, e.tel_eje, e.eli_eje, e.id_padre, e.id_pla, e.ult_eje,
					         p.nom_pla as plantel_principal,
					         COUNT(DISTINCT c.id_cit) as citas_propias,
					         GROUP_CONCAT(DISTINCT CONCAT(pa.id_pla, ':', pa.nom_pla) SEPARATOR '|') as planteles_asociados,
					         COUNT(DISTINCT pe.id_pla) as total_planteles_asociados,
					         CASE 
					             WHEN e.ult_eje IS NULL THEN 'sin_sesion'
					             WHEN TIMESTAMPDIFF(DAY, e.ult_eje, NOW()) <= 1 THEN 'verde'
					             WHEN TIMESTAMPDIFF(DAY, e.ult_eje, NOW()) BETWEEN 2 AND 3 THEN 'amarillo'
					             WHEN TIMESTAMPDIFF(DAY, e.ult_eje, NOW()) >= 4 THEN 'rojo'
					             ELSE 'sin_sesion'
					         END as semaforo_sesion,
					         TIMESTAMPDIFF(DAY, e.ult_eje, NOW()) as dias_desde_ultima_sesion
					  FROM ejecutivo e 
					  LEFT JOIN plantel p ON e.id_pla = p.id_pla 
					  LEFT JOIN cita c ON e.id_eje = c.id_eje2 AND c.eli_cit = 1 
					  LEFT JOIN planteles_ejecutivo pe ON e.id_eje = pe.id_eje
					  LEFT JOIN plantel pa ON pe.id_pla = pa.id_pla
					  GROUP BY e.id_eje, e.nom_eje, e.tel_eje, e.eli_eje, e.id_padre, e.id_pla, e.ult_eje, p.nom_pla
					  ORDER BY e.eli_eje DESC, e.nom_eje ASC
[2025-07-21 18:48:00] Ejecutivo ID: 9 - Citas propias: 6 - Citas hijos: 0 - Total: 6
[2025-07-21 18:48:00] Ejecutivo ID: 4 - Citas propias: 6 - Citas hijos: 0 - Total: 6
[2025-07-21 18:48:00] Ejecutivo ID: 11 - Citas propias: 6 - Citas hijos: 0 - Total: 6
[2025-07-21 18:48:00] Ejecutivo ID: 16 - Citas propias: 5 - Citas hijos: 12 - Total: 17
[2025-07-21 18:48:00] Ejecutivo ID: 11 - Citas propias: 6 - Citas hijos: 0 - Total: 6
[2025-07-21 18:48:00] Ejecutivo ID: 13 - Citas propias: 4 - Citas hijos: 0 - Total: 4
[2025-07-21 18:48:00] Ejecutivo ID: 12 - Citas propias: 5 - Citas hijos: 4 - Total: 9
[2025-07-21 18:48:00] Ejecutivo ID: 6 - Citas propias: 4 - Citas hijos: 0 - Total: 4
[2025-07-21 18:48:00] Ejecutivo ID: 21 - Citas propias: 5 - Citas hijos: 0 - Total: 5
[2025-07-21 18:48:00] Ejecutivo ID: 15 - Citas propias: 6 - Citas hijos: 9 - Total: 15
[2025-07-21 18:48:00] Ejecutivo ID: 18 - Citas propias: 5 - Citas hijos: 0 - Total: 5
[2025-07-21 18:48:00] Ejecutivo ID: 6 - Citas propias: 4 - Citas hijos: 0 - Total: 4
[2025-07-21 18:48:00] Ejecutivo ID: 4 - Citas propias: 6 - Citas hijos: 0 - Total: 6
[2025-07-21 18:48:00] Ejecutivo ID: 10 - Citas propias: 4 - Citas hijos: 0 - Total: 4
[2025-07-21 18:48:00] Ejecutivo ID: 2 - Citas propias: 5 - Citas hijos: 0 - Total: 5
[2025-07-21 18:48:00] Ejecutivo ID: 14 - Citas propias: 5 - Citas hijos: 0 - Total: 5
[2025-07-21 18:48:00] Ejecutivo ID: 21 - Citas propias: 5 - Citas hijos: 0 - Total: 5
[2025-07-21 18:48:00] Ejecutivo ID: 20 - Citas propias: 6 - Citas hijos: 0 - Total: 6
[2025-07-21 18:48:00] Ejecutivo ID: 13 - Citas propias: 4 - Citas hijos: 0 - Total: 4
[2025-07-21 18:48:00] Ejecutivo ID: 1 - Citas propias: 0 - Citas hijos: 0 - Total: 0
[2025-07-21 18:48:00] Ejecutivos con citas encontrados: 15
[2025-07-21 18:48:00] REQUEST recibido: Array
(
    [action] => obtener_citas_totales_por_plantel
    [id_pla] => 6
)

[2025-07-21 18:48:00] REQUEST recibido: Array
(
    [action] => obtener_citas_totales_por_plantel
    [id_pla] => 3
)

[2025-07-21 18:48:00] REQUEST recibido: Array
(
    [action] => obtener_citas_totales_por_plantel
    [id_pla] => 2
)

[2025-07-21 18:48:25] REQUEST recibido: Array
(
    [action] => obtener_planteles
)

[2025-07-21 18:48:25] Query planteles: SELECT id_pla, nom_pla, fec_pla FROM plantel ORDER BY nom_pla ASC
[2025-07-21 18:48:25] Planteles encontrados: 3
[2025-07-21 18:48:25] REQUEST recibido: Array
(
    [action] => obtener_citas_totales_por_plantel
    [id_pla] => 6
)

[2025-07-21 18:48:25] REQUEST recibido: Array
(
    [action] => obtener_citas_totales_por_plantel
    [id_pla] => 3
)

[2025-07-21 18:48:25] REQUEST recibido: Array
(
    [action] => obtener_ejecutivos_con_citas
)

[2025-07-21 18:48:25] REQUEST recibido: Array
(
    [action] => obtener_citas_totales_por_plantel
    [id_pla] => 2
)

[2025-07-21 18:48:25] Query ejecutivos con citas: SELECT e.id_eje, e.nom_eje, e.tel_eje, e.eli_eje, e.id_padre, e.id_pla, e.ult_eje,
					         p.nom_pla as plantel_principal,
					         COUNT(DISTINCT c.id_cit) as citas_propias,
					         GROUP_CONCAT(DISTINCT CONCAT(pa.id_pla, ':', pa.nom_pla) SEPARATOR '|') as planteles_asociados,
					         COUNT(DISTINCT pe.id_pla) as total_planteles_asociados,
					         CASE 
					             WHEN e.ult_eje IS NULL THEN 'sin_sesion'
					             WHEN TIMESTAMPDIFF(DAY, e.ult_eje, NOW()) <= 1 THEN 'verde'
					             WHEN TIMESTAMPDIFF(DAY, e.ult_eje, NOW()) BETWEEN 2 AND 3 THEN 'amarillo'
					             WHEN TIMESTAMPDIFF(DAY, e.ult_eje, NOW()) >= 4 THEN 'rojo'
					             ELSE 'sin_sesion'
					         END as semaforo_sesion,
					         TIMESTAMPDIFF(DAY, e.ult_eje, NOW()) as dias_desde_ultima_sesion
					  FROM ejecutivo e 
					  LEFT JOIN plantel p ON e.id_pla = p.id_pla 
					  LEFT JOIN cita c ON e.id_eje = c.id_eje2 AND c.eli_cit = 1 
					  LEFT JOIN planteles_ejecutivo pe ON e.id_eje = pe.id_eje
					  LEFT JOIN plantel pa ON pe.id_pla = pa.id_pla
					  GROUP BY e.id_eje, e.nom_eje, e.tel_eje, e.eli_eje, e.id_padre, e.id_pla, e.ult_eje, p.nom_pla
					  ORDER BY e.eli_eje DESC, e.nom_eje ASC
[2025-07-21 18:48:25] Ejecutivo ID: 9 - Citas propias: 6 - Citas hijos: 0 - Total: 6
[2025-07-21 18:48:25] Ejecutivo ID: 4 - Citas propias: 6 - Citas hijos: 0 - Total: 6
[2025-07-21 18:48:25] Ejecutivo ID: 11 - Citas propias: 6 - Citas hijos: 0 - Total: 6
[2025-07-21 18:48:25] Ejecutivo ID: 16 - Citas propias: 5 - Citas hijos: 12 - Total: 17
[2025-07-21 18:48:25] Ejecutivo ID: 11 - Citas propias: 6 - Citas hijos: 0 - Total: 6
[2025-07-21 18:48:25] Ejecutivo ID: 13 - Citas propias: 4 - Citas hijos: 0 - Total: 4
[2025-07-21 18:48:25] Ejecutivo ID: 12 - Citas propias: 5 - Citas hijos: 4 - Total: 9
[2025-07-21 18:48:25] Ejecutivo ID: 6 - Citas propias: 4 - Citas hijos: 0 - Total: 4
[2025-07-21 18:48:25] Ejecutivo ID: 21 - Citas propias: 5 - Citas hijos: 0 - Total: 5
[2025-07-21 18:48:25] Ejecutivo ID: 15 - Citas propias: 6 - Citas hijos: 9 - Total: 15
[2025-07-21 18:48:25] Ejecutivo ID: 18 - Citas propias: 5 - Citas hijos: 0 - Total: 5
[2025-07-21 18:48:25] Ejecutivo ID: 6 - Citas propias: 4 - Citas hijos: 0 - Total: 4
[2025-07-21 18:48:25] Ejecutivo ID: 4 - Citas propias: 6 - Citas hijos: 0 - Total: 6
[2025-07-21 18:48:25] Ejecutivo ID: 10 - Citas propias: 4 - Citas hijos: 0 - Total: 4
[2025-07-21 18:48:25] Ejecutivo ID: 2 - Citas propias: 5 - Citas hijos: 0 - Total: 5
[2025-07-21 18:48:25] Ejecutivo ID: 14 - Citas propias: 5 - Citas hijos: 0 - Total: 5
[2025-07-21 18:48:25] Ejecutivo ID: 21 - Citas propias: 5 - Citas hijos: 0 - Total: 5
[2025-07-21 18:48:25] Ejecutivo ID: 20 - Citas propias: 6 - Citas hijos: 0 - Total: 6
[2025-07-21 18:48:25] Ejecutivo ID: 13 - Citas propias: 4 - Citas hijos: 0 - Total: 4
[2025-07-21 18:48:25] Ejecutivo ID: 1 - Citas propias: 0 - Citas hijos: 0 - Total: 0
[2025-07-21 18:48:25] Ejecutivos con citas encontrados: 15
[2025-07-21 18:48:25] REQUEST recibido: Array
(
    [action] => obtener_citas_totales_por_plantel
    [id_pla] => 6
)

[2025-07-21 18:48:25] REQUEST recibido: Array
(
    [action] => obtener_citas_totales_por_plantel
    [id_pla] => 3
)

[2025-07-21 18:48:25] REQUEST recibido: Array
(
    [action] => obtener_citas_totales_por_plantel
    [id_pla] => 2
)

[2025-07-21 18:48:34] REQUEST recibido: Array
(
    [action] => mover_ejecutivo
    [id_eje] => 4
    [id_padre] => 
    [id_pla] => 3
)

[2025-07-21 18:48:34] ==============================================
[2025-07-21 18:48:34] MOVER EJECUTIVO - REQUEST RECIBIDO
[2025-07-21 18:48:34] POST data completo: Array
(
    [action] => mover_ejecutivo
    [id_eje] => 4
    [id_padre] => 
    [id_pla] => 3
)

[2025-07-21 18:48:34] Valores procesados:
[2025-07-21 18:48:34] - ID Ejecutivo: 4
[2025-07-21 18:48:34] - ID Padre: NULL
[2025-07-21 18:48:34] - ID Plantel: 3
[2025-07-21 18:48:34] ANTES - Ejecutivo: Francisco Pineda, Padre anterior: 16, Plantel anterior: 6
[2025-07-21 18:48:34] NUEVO PLANTEL: Plantel Ecatepec (ID: 3)
[2025-07-21 18:48:34] QUERY MOVER: UPDATE ejecutivo SET id_padre = NULL, id_pla = '3' WHERE id_eje = '4'
[2025-07-21 18:48:34] VERIFICACIÓN - Nuevo padre: , Nuevo plantel: 3
[2025-07-21 18:48:36] WebSocket movimiento enviado
[2025-07-21 18:48:39] WebSocket cambio plantel enviado
[2025-07-21 18:48:39] EJECUTIVO MOVIDO EXITOSAMENTE
[2025-07-21 18:48:39] RESPUESTA ENVIADA: SUCCESS
[2025-07-21 18:48:39] ==============================================
[2025-07-21 18:48:39] REQUEST recibido: Array
(
    [action] => obtener_ejecutivos_con_citas
)

[2025-07-21 18:48:39] Query ejecutivos con citas: SELECT e.id_eje, e.nom_eje, e.tel_eje, e.eli_eje, e.id_padre, e.id_pla, e.ult_eje,
					         p.nom_pla as plantel_principal,
					         COUNT(DISTINCT c.id_cit) as citas_propias,
					         GROUP_CONCAT(DISTINCT CONCAT(pa.id_pla, ':', pa.nom_pla) SEPARATOR '|') as planteles_asociados,
					         COUNT(DISTINCT pe.id_pla) as total_planteles_asociados,
					         CASE 
					             WHEN e.ult_eje IS NULL THEN 'sin_sesion'
					             WHEN TIMESTAMPDIFF(DAY, e.ult_eje, NOW()) <= 1 THEN 'verde'
					             WHEN TIMESTAMPDIFF(DAY, e.ult_eje, NOW()) BETWEEN 2 AND 3 THEN 'amarillo'
					             WHEN TIMESTAMPDIFF(DAY, e.ult_eje, NOW()) >= 4 THEN 'rojo'
					             ELSE 'sin_sesion'
					         END as semaforo_sesion,
					         TIMESTAMPDIFF(DAY, e.ult_eje, NOW()) as dias_desde_ultima_sesion
					  FROM ejecutivo e 
					  LEFT JOIN plantel p ON e.id_pla = p.id_pla 
					  LEFT JOIN cita c ON e.id_eje = c.id_eje2 AND c.eli_cit = 1 
					  LEFT JOIN planteles_ejecutivo pe ON e.id_eje = pe.id_eje
					  LEFT JOIN plantel pa ON pe.id_pla = pa.id_pla
					  GROUP BY e.id_eje, e.nom_eje, e.tel_eje, e.eli_eje, e.id_padre, e.id_pla, e.ult_eje, p.nom_pla
					  ORDER BY e.eli_eje DESC, e.nom_eje ASC
[2025-07-21 18:48:39] Ejecutivo ID: 9 - Citas propias: 6 - Citas hijos: 0 - Total: 6
[2025-07-21 18:48:39] Ejecutivo ID: 11 - Citas propias: 6 - Citas hijos: 0 - Total: 6
[2025-07-21 18:48:39] Ejecutivo ID: 16 - Citas propias: 5 - Citas hijos: 6 - Total: 11
[2025-07-21 18:48:39] Ejecutivo ID: 11 - Citas propias: 6 - Citas hijos: 0 - Total: 6
[2025-07-21 18:48:39] Ejecutivo ID: 13 - Citas propias: 4 - Citas hijos: 0 - Total: 4
[2025-07-21 18:48:39] Ejecutivo ID: 12 - Citas propias: 5 - Citas hijos: 4 - Total: 9
[2025-07-21 18:48:39] Ejecutivo ID: 6 - Citas propias: 4 - Citas hijos: 0 - Total: 4
[2025-07-21 18:48:39] Ejecutivo ID: 21 - Citas propias: 5 - Citas hijos: 0 - Total: 5
[2025-07-21 18:48:39] Ejecutivo ID: 15 - Citas propias: 6 - Citas hijos: 9 - Total: 15
[2025-07-21 18:48:39] Ejecutivo ID: 18 - Citas propias: 5 - Citas hijos: 0 - Total: 5
[2025-07-21 18:48:39] Ejecutivo ID: 6 - Citas propias: 4 - Citas hijos: 0 - Total: 4
[2025-07-21 18:48:39] Ejecutivo ID: 4 - Citas propias: 6 - Citas hijos: 0 - Total: 6
[2025-07-21 18:48:39] Ejecutivo ID: 10 - Citas propias: 4 - Citas hijos: 0 - Total: 4
[2025-07-21 18:48:39] Ejecutivo ID: 2 - Citas propias: 5 - Citas hijos: 0 - Total: 5
[2025-07-21 18:48:39] Ejecutivo ID: 14 - Citas propias: 5 - Citas hijos: 0 - Total: 5
[2025-07-21 18:48:39] Ejecutivo ID: 21 - Citas propias: 5 - Citas hijos: 0 - Total: 5
[2025-07-21 18:48:39] Ejecutivo ID: 20 - Citas propias: 6 - Citas hijos: 0 - Total: 6
[2025-07-21 18:48:39] Ejecutivo ID: 13 - Citas propias: 4 - Citas hijos: 0 - Total: 4
[2025-07-21 18:48:39] Ejecutivo ID: 1 - Citas propias: 0 - Citas hijos: 0 - Total: 0
[2025-07-21 18:48:39] Ejecutivos con citas encontrados: 15
[2025-07-21 18:48:39] REQUEST recibido: Array
(
    [action] => obtener_citas_totales_por_plantel
    [id_pla] => 6
)

[2025-07-21 18:48:39] REQUEST recibido: Array
(
    [action] => obtener_citas_totales_por_plantel
    [id_pla] => 2
)

[2025-07-21 18:48:43] REQUEST recibido: Array
(
    [action] => obtener_planteles
)

[2025-07-21 18:48:43] Query planteles: SELECT id_pla, nom_pla, fec_pla FROM plantel ORDER BY nom_pla ASC
[2025-07-21 18:48:43] Planteles encontrados: 3
[2025-07-21 18:48:43] REQUEST recibido: Array
(
    [action] => obtener_citas_totales_por_plantel
    [id_pla] => 6
)

[2025-07-21 18:48:43] REQUEST recibido: Array
(
    [action] => obtener_citas_totales_por_plantel
    [id_pla] => 3
)

[2025-07-21 18:48:43] REQUEST recibido: Array
(
    [action] => obtener_citas_totales_por_plantel
    [id_pla] => 2
)

[2025-07-21 18:48:43] REQUEST recibido: Array
(
    [action] => obtener_ejecutivos_con_citas
)

[2025-07-21 18:48:43] Query ejecutivos con citas: SELECT e.id_eje, e.nom_eje, e.tel_eje, e.eli_eje, e.id_padre, e.id_pla, e.ult_eje,
					         p.nom_pla as plantel_principal,
					         COUNT(DISTINCT c.id_cit) as citas_propias,
					         GROUP_CONCAT(DISTINCT CONCAT(pa.id_pla, ':', pa.nom_pla) SEPARATOR '|') as planteles_asociados,
					         COUNT(DISTINCT pe.id_pla) as total_planteles_asociados,
					         CASE 
					             WHEN e.ult_eje IS NULL THEN 'sin_sesion'
					             WHEN TIMESTAMPDIFF(DAY, e.ult_eje, NOW()) <= 1 THEN 'verde'
					             WHEN TIMESTAMPDIFF(DAY, e.ult_eje, NOW()) BETWEEN 2 AND 3 THEN 'amarillo'
					             WHEN TIMESTAMPDIFF(DAY, e.ult_eje, NOW()) >= 4 THEN 'rojo'
					             ELSE 'sin_sesion'
					         END as semaforo_sesion,
					         TIMESTAMPDIFF(DAY, e.ult_eje, NOW()) as dias_desde_ultima_sesion
					  FROM ejecutivo e 
					  LEFT JOIN plantel p ON e.id_pla = p.id_pla 
					  LEFT JOIN cita c ON e.id_eje = c.id_eje2 AND c.eli_cit = 1 
					  LEFT JOIN planteles_ejecutivo pe ON e.id_eje = pe.id_eje
					  LEFT JOIN plantel pa ON pe.id_pla = pa.id_pla
					  GROUP BY e.id_eje, e.nom_eje, e.tel_eje, e.eli_eje, e.id_padre, e.id_pla, e.ult_eje, p.nom_pla
					  ORDER BY e.eli_eje DESC, e.nom_eje ASC
[2025-07-21 18:48:43] Ejecutivo ID: 9 - Citas propias: 6 - Citas hijos: 0 - Total: 6
[2025-07-21 18:48:43] Ejecutivo ID: 11 - Citas propias: 6 - Citas hijos: 0 - Total: 6
[2025-07-21 18:48:43] Ejecutivo ID: 16 - Citas propias: 5 - Citas hijos: 6 - Total: 11
[2025-07-21 18:48:43] Ejecutivo ID: 11 - Citas propias: 6 - Citas hijos: 0 - Total: 6
[2025-07-21 18:48:43] Ejecutivo ID: 13 - Citas propias: 4 - Citas hijos: 0 - Total: 4
[2025-07-21 18:48:43] Ejecutivo ID: 12 - Citas propias: 5 - Citas hijos: 4 - Total: 9
[2025-07-21 18:48:43] Ejecutivo ID: 6 - Citas propias: 4 - Citas hijos: 0 - Total: 4
[2025-07-21 18:48:43] Ejecutivo ID: 21 - Citas propias: 5 - Citas hijos: 0 - Total: 5
[2025-07-21 18:48:43] Ejecutivo ID: 15 - Citas propias: 6 - Citas hijos: 9 - Total: 15
[2025-07-21 18:48:43] Ejecutivo ID: 18 - Citas propias: 5 - Citas hijos: 0 - Total: 5
[2025-07-21 18:48:43] Ejecutivo ID: 6 - Citas propias: 4 - Citas hijos: 0 - Total: 4
[2025-07-21 18:48:43] Ejecutivo ID: 4 - Citas propias: 6 - Citas hijos: 0 - Total: 6
[2025-07-21 18:48:43] Ejecutivo ID: 10 - Citas propias: 4 - Citas hijos: 0 - Total: 4
[2025-07-21 18:48:43] Ejecutivo ID: 2 - Citas propias: 5 - Citas hijos: 0 - Total: 5
[2025-07-21 18:48:43] Ejecutivo ID: 14 - Citas propias: 5 - Citas hijos: 0 - Total: 5
[2025-07-21 18:48:43] Ejecutivo ID: 21 - Citas propias: 5 - Citas hijos: 0 - Total: 5
[2025-07-21 18:48:43] Ejecutivo ID: 20 - Citas propias: 6 - Citas hijos: 0 - Total: 6
[2025-07-21 18:48:43] Ejecutivo ID: 13 - Citas propias: 4 - Citas hijos: 0 - Total: 4
[2025-07-21 18:48:43] Ejecutivo ID: 1 - Citas propias: 0 - Citas hijos: 0 - Total: 0
[2025-07-21 18:48:43] Ejecutivos con citas encontrados: 15
[2025-07-21 18:48:43] REQUEST recibido: Array
(
    [action] => obtener_citas_totales_por_plantel
    [id_pla] => 3
)

[2025-07-21 18:48:43] REQUEST recibido: Array
(
    [action] => obtener_citas_totales_por_plantel
    [id_pla] => 2
)

[2025-07-21 18:50:44] REQUEST recibido: Array
(
    [action] => obtener_planteles
)

[2025-07-21 18:50:44] Query planteles: SELECT id_pla, nom_pla, fec_pla FROM plantel ORDER BY nom_pla ASC
[2025-07-21 18:50:44] Planteles encontrados: 3
[2025-07-21 18:50:44] REQUEST recibido: Array
(
    [action] => obtener_citas_totales_por_plantel
    [id_pla] => 6
)

[2025-07-21 18:50:44] REQUEST recibido: Array
(
    [action] => obtener_citas_totales_por_plantel
    [id_pla] => 3
)

[2025-07-21 18:50:44] REQUEST recibido: Array
(
    [action] => obtener_citas_totales_por_plantel
    [id_pla] => 2
)

[2025-07-21 18:50:44] REQUEST recibido: Array
(
    [action] => obtener_ejecutivos_con_citas
)

[2025-07-21 18:50:44] Query ejecutivos con citas: SELECT e.id_eje, e.nom_eje, e.tel_eje, e.eli_eje, e.id_padre, e.id_pla, e.ult_eje,
					         p.nom_pla as plantel_principal,
					         COUNT(DISTINCT c.id_cit) as citas_propias,
					         GROUP_CONCAT(DISTINCT CONCAT(pa.id_pla, ':', pa.nom_pla) SEPARATOR '|') as planteles_asociados,
					         COUNT(DISTINCT pe.id_pla) as total_planteles_asociados,
					         CASE 
					             WHEN e.ult_eje IS NULL THEN 'sin_sesion'
					             WHEN TIMESTAMPDIFF(DAY, e.ult_eje, NOW()) <= 1 THEN 'verde'
					             WHEN TIMESTAMPDIFF(DAY, e.ult_eje, NOW()) BETWEEN 2 AND 3 THEN 'amarillo'
					             WHEN TIMESTAMPDIFF(DAY, e.ult_eje, NOW()) >= 4 THEN 'rojo'
					             ELSE 'sin_sesion'
					         END as semaforo_sesion,
					         TIMESTAMPDIFF(DAY, e.ult_eje, NOW()) as dias_desde_ultima_sesion
					  FROM ejecutivo e 
					  LEFT JOIN plantel p ON e.id_pla = p.id_pla 
					  LEFT JOIN cita c ON e.id_eje = c.id_eje2 AND c.eli_cit = 1 
					  LEFT JOIN planteles_ejecutivo pe ON e.id_eje = pe.id_eje
					  LEFT JOIN plantel pa ON pe.id_pla = pa.id_pla
					  GROUP BY e.id_eje, e.nom_eje, e.tel_eje, e.eli_eje, e.id_padre, e.id_pla, e.ult_eje, p.nom_pla
					  ORDER BY e.eli_eje DESC, e.nom_eje ASC
[2025-07-21 18:50:44] Ejecutivo ID: 9 - Citas propias: 6 - Citas hijos: 0 - Total: 6
[2025-07-21 18:50:44] Ejecutivo ID: 11 - Citas propias: 6 - Citas hijos: 0 - Total: 6
[2025-07-21 18:50:44] Ejecutivo ID: 16 - Citas propias: 5 - Citas hijos: 6 - Total: 11
[2025-07-21 18:50:44] Ejecutivo ID: 11 - Citas propias: 6 - Citas hijos: 0 - Total: 6
[2025-07-21 18:50:44] Ejecutivo ID: 13 - Citas propias: 4 - Citas hijos: 0 - Total: 4
[2025-07-21 18:50:44] Ejecutivo ID: 12 - Citas propias: 5 - Citas hijos: 4 - Total: 9
[2025-07-21 18:50:44] Ejecutivo ID: 6 - Citas propias: 4 - Citas hijos: 0 - Total: 4
[2025-07-21 18:50:44] Ejecutivo ID: 21 - Citas propias: 5 - Citas hijos: 0 - Total: 5
[2025-07-21 18:50:44] Ejecutivo ID: 15 - Citas propias: 6 - Citas hijos: 9 - Total: 15
[2025-07-21 18:50:44] Ejecutivo ID: 18 - Citas propias: 5 - Citas hijos: 0 - Total: 5
[2025-07-21 18:50:44] Ejecutivo ID: 6 - Citas propias: 4 - Citas hijos: 0 - Total: 4
[2025-07-21 18:50:44] Ejecutivo ID: 4 - Citas propias: 6 - Citas hijos: 0 - Total: 6
[2025-07-21 18:50:44] Ejecutivo ID: 10 - Citas propias: 4 - Citas hijos: 0 - Total: 4
[2025-07-21 18:50:44] Ejecutivo ID: 2 - Citas propias: 5 - Citas hijos: 0 - Total: 5
[2025-07-21 18:50:44] Ejecutivo ID: 14 - Citas propias: 5 - Citas hijos: 0 - Total: 5
[2025-07-21 18:50:44] Ejecutivo ID: 21 - Citas propias: 5 - Citas hijos: 0 - Total: 5
[2025-07-21 18:50:44] Ejecutivo ID: 20 - Citas propias: 6 - Citas hijos: 0 - Total: 6
[2025-07-21 18:50:44] Ejecutivo ID: 13 - Citas propias: 4 - Citas hijos: 0 - Total: 4
[2025-07-21 18:50:44] Ejecutivo ID: 1 - Citas propias: 0 - Citas hijos: 0 - Total: 0
[2025-07-21 18:50:44] Ejecutivos con citas encontrados: 15
[2025-07-21 18:50:44] REQUEST recibido: Array
(
    [action] => obtener_citas_totales_por_plantel
    [id_pla] => 6
)

[2025-07-21 18:50:44] REQUEST recibido: Array
(
    [action] => obtener_citas_totales_por_plantel
    [id_pla] => 2
)

[2025-07-21 18:51:40] REQUEST recibido: Array
(
    [action] => obtener_planteles
)

[2025-07-21 18:51:40] Query planteles: SELECT id_pla, nom_pla, fec_pla FROM plantel ORDER BY nom_pla ASC
[2025-07-21 18:51:40] Planteles encontrados: 3
[2025-07-21 18:51:40] REQUEST recibido: Array
(
    [action] => obtener_citas_totales_por_plantel
    [id_pla] => 3
)

[2025-07-21 18:51:40] REQUEST recibido: Array
(
    [action] => obtener_citas_totales_por_plantel
    [id_pla] => 6
)

[2025-07-21 18:51:40] REQUEST recibido: Array
(
    [action] => obtener_citas_totales_por_plantel
    [id_pla] => 2
)

[2025-07-21 18:51:40] REQUEST recibido: Array
(
    [action] => obtener_ejecutivos_con_citas
)

[2025-07-21 18:51:40] Query ejecutivos con citas: SELECT e.id_eje, e.nom_eje, e.tel_eje, e.eli_eje, e.id_padre, e.id_pla, e.ult_eje,
					         p.nom_pla as plantel_principal,
					         COUNT(DISTINCT c.id_cit) as citas_propias,
					         GROUP_CONCAT(DISTINCT CONCAT(pa.id_pla, ':', pa.nom_pla) SEPARATOR '|') as planteles_asociados,
					         COUNT(DISTINCT pe.id_pla) as total_planteles_asociados,
					         CASE 
					             WHEN e.ult_eje IS NULL THEN 'sin_sesion'
					             WHEN TIMESTAMPDIFF(DAY, e.ult_eje, NOW()) <= 1 THEN 'verde'
					             WHEN TIMESTAMPDIFF(DAY, e.ult_eje, NOW()) BETWEEN 2 AND 3 THEN 'amarillo'
					             WHEN TIMESTAMPDIFF(DAY, e.ult_eje, NOW()) >= 4 THEN 'rojo'
					             ELSE 'sin_sesion'
					         END as semaforo_sesion,
					         TIMESTAMPDIFF(DAY, e.ult_eje, NOW()) as dias_desde_ultima_sesion
					  FROM ejecutivo e 
					  LEFT JOIN plantel p ON e.id_pla = p.id_pla 
					  LEFT JOIN cita c ON e.id_eje = c.id_eje2 AND c.eli_cit = 1 
					  LEFT JOIN planteles_ejecutivo pe ON e.id_eje = pe.id_eje
					  LEFT JOIN plantel pa ON pe.id_pla = pa.id_pla
					  GROUP BY e.id_eje, e.nom_eje, e.tel_eje, e.eli_eje, e.id_padre, e.id_pla, e.ult_eje, p.nom_pla
					  ORDER BY e.eli_eje DESC, e.nom_eje ASC
[2025-07-21 18:51:40] Ejecutivo ID: 9 - Citas propias: 6 - Citas hijos: 0 - Total: 6
[2025-07-21 18:51:40] Ejecutivo ID: 11 - Citas propias: 6 - Citas hijos: 0 - Total: 6
[2025-07-21 18:51:40] Ejecutivo ID: 16 - Citas propias: 5 - Citas hijos: 6 - Total: 11
[2025-07-21 18:51:40] Ejecutivo ID: 11 - Citas propias: 6 - Citas hijos: 0 - Total: 6
[2025-07-21 18:51:40] Ejecutivo ID: 13 - Citas propias: 4 - Citas hijos: 0 - Total: 4
[2025-07-21 18:51:40] Ejecutivo ID: 12 - Citas propias: 5 - Citas hijos: 4 - Total: 9
[2025-07-21 18:51:40] Ejecutivo ID: 6 - Citas propias: 4 - Citas hijos: 0 - Total: 4
[2025-07-21 18:51:40] Ejecutivo ID: 21 - Citas propias: 5 - Citas hijos: 0 - Total: 5
[2025-07-21 18:51:40] Ejecutivo ID: 15 - Citas propias: 6 - Citas hijos: 9 - Total: 15
[2025-07-21 18:51:40] Ejecutivo ID: 18 - Citas propias: 5 - Citas hijos: 0 - Total: 5
[2025-07-21 18:51:40] Ejecutivo ID: 6 - Citas propias: 4 - Citas hijos: 0 - Total: 4
[2025-07-21 18:51:40] Ejecutivo ID: 4 - Citas propias: 6 - Citas hijos: 0 - Total: 6
[2025-07-21 18:51:40] Ejecutivo ID: 10 - Citas propias: 4 - Citas hijos: 0 - Total: 4
[2025-07-21 18:51:40] Ejecutivo ID: 2 - Citas propias: 5 - Citas hijos: 0 - Total: 5
[2025-07-21 18:51:40] Ejecutivo ID: 14 - Citas propias: 5 - Citas hijos: 0 - Total: 5
[2025-07-21 18:51:40] Ejecutivo ID: 21 - Citas propias: 5 - Citas hijos: 0 - Total: 5
[2025-07-21 18:51:40] Ejecutivo ID: 20 - Citas propias: 6 - Citas hijos: 0 - Total: 6
[2025-07-21 18:51:40] Ejecutivo ID: 13 - Citas propias: 4 - Citas hijos: 0 - Total: 4
[2025-07-21 18:51:40] Ejecutivo ID: 1 - Citas propias: 0 - Citas hijos: 0 - Total: 0
[2025-07-21 18:51:40] Ejecutivos con citas encontrados: 15
[2025-07-21 18:51:40] REQUEST recibido: Array
(
    [action] => obtener_citas_totales_por_plantel
    [id_pla] => 3
)

[2025-07-21 18:51:40] REQUEST recibido: Array
(
    [action] => obtener_citas_totales_por_plantel
    [id_pla] => 6
)

[2025-07-21 18:51:40] REQUEST recibido: Array
(
    [action] => obtener_citas_totales_por_plantel
    [id_pla] => 2
)

[2025-07-21 18:52:20] REQUEST recibido: Array
(
    [action] => obtener_planteles
)

[2025-07-21 18:52:20] Query planteles: SELECT id_pla, nom_pla, fec_pla FROM plantel ORDER BY nom_pla ASC
[2025-07-21 18:52:20] Planteles encontrados: 3
[2025-07-21 18:52:20] REQUEST recibido: Array
(
    [action] => obtener_citas_totales_por_plantel
    [id_pla] => 6
)

[2025-07-21 18:52:20] REQUEST recibido: Array
(
    [action] => obtener_citas_totales_por_plantel
    [id_pla] => 2
)

[2025-07-21 18:52:20] REQUEST recibido: Array
(
    [action] => obtener_citas_totales_por_plantel
    [id_pla] => 3
)

[2025-07-21 18:52:20] REQUEST recibido: Array
(
    [action] => obtener_ejecutivos_con_citas
)

[2025-07-21 18:52:20] Query ejecutivos con citas: SELECT e.id_eje, e.nom_eje, e.tel_eje, e.eli_eje, e.id_padre, e.id_pla, e.ult_eje,
					         p.nom_pla as plantel_principal,
					         COUNT(DISTINCT c.id_cit) as citas_propias,
					         GROUP_CONCAT(DISTINCT CONCAT(pa.id_pla, ':', pa.nom_pla) SEPARATOR '|') as planteles_asociados,
					         COUNT(DISTINCT pe.id_pla) as total_planteles_asociados,
					         CASE 
					             WHEN e.ult_eje IS NULL THEN 'sin_sesion'
					             WHEN TIMESTAMPDIFF(DAY, e.ult_eje, NOW()) <= 1 THEN 'verde'
					             WHEN TIMESTAMPDIFF(DAY, e.ult_eje, NOW()) BETWEEN 2 AND 3 THEN 'amarillo'
					             WHEN TIMESTAMPDIFF(DAY, e.ult_eje, NOW()) >= 4 THEN 'rojo'
					             ELSE 'sin_sesion'
					         END as semaforo_sesion,
					         TIMESTAMPDIFF(DAY, e.ult_eje, NOW()) as dias_desde_ultima_sesion
					  FROM ejecutivo e 
					  LEFT JOIN plantel p ON e.id_pla = p.id_pla 
					  LEFT JOIN cita c ON e.id_eje = c.id_eje2 AND c.eli_cit = 1 
					  LEFT JOIN planteles_ejecutivo pe ON e.id_eje = pe.id_eje
					  LEFT JOIN plantel pa ON pe.id_pla = pa.id_pla
					  GROUP BY e.id_eje, e.nom_eje, e.tel_eje, e.eli_eje, e.id_padre, e.id_pla, e.ult_eje, p.nom_pla
					  ORDER BY e.eli_eje DESC, e.nom_eje ASC
[2025-07-21 18:52:20] Ejecutivo ID: 9 - Citas propias: 6 - Citas hijos: 0 - Total: 6
[2025-07-21 18:52:20] Ejecutivo ID: 11 - Citas propias: 6 - Citas hijos: 0 - Total: 6
[2025-07-21 18:52:20] Ejecutivo ID: 16 - Citas propias: 5 - Citas hijos: 6 - Total: 11
[2025-07-21 18:52:20] Ejecutivo ID: 11 - Citas propias: 6 - Citas hijos: 0 - Total: 6
[2025-07-21 18:52:20] Ejecutivo ID: 13 - Citas propias: 4 - Citas hijos: 0 - Total: 4
[2025-07-21 18:52:20] Ejecutivo ID: 12 - Citas propias: 5 - Citas hijos: 4 - Total: 9
[2025-07-21 18:52:20] Ejecutivo ID: 6 - Citas propias: 4 - Citas hijos: 0 - Total: 4
[2025-07-21 18:52:20] Ejecutivo ID: 21 - Citas propias: 5 - Citas hijos: 0 - Total: 5
[2025-07-21 18:52:20] Ejecutivo ID: 15 - Citas propias: 6 - Citas hijos: 9 - Total: 15
[2025-07-21 18:52:20] Ejecutivo ID: 18 - Citas propias: 5 - Citas hijos: 0 - Total: 5
[2025-07-21 18:52:20] Ejecutivo ID: 6 - Citas propias: 4 - Citas hijos: 0 - Total: 4
[2025-07-21 18:52:20] Ejecutivo ID: 4 - Citas propias: 6 - Citas hijos: 0 - Total: 6
[2025-07-21 18:52:20] Ejecutivo ID: 10 - Citas propias: 4 - Citas hijos: 0 - Total: 4
[2025-07-21 18:52:20] Ejecutivo ID: 2 - Citas propias: 5 - Citas hijos: 0 - Total: 5
[2025-07-21 18:52:20] Ejecutivo ID: 14 - Citas propias: 5 - Citas hijos: 0 - Total: 5
[2025-07-21 18:52:20] Ejecutivo ID: 21 - Citas propias: 5 - Citas hijos: 0 - Total: 5
[2025-07-21 18:52:20] Ejecutivo ID: 20 - Citas propias: 6 - Citas hijos: 0 - Total: 6
[2025-07-21 18:52:20] Ejecutivo ID: 13 - Citas propias: 4 - Citas hijos: 0 - Total: 4
[2025-07-21 18:52:20] Ejecutivo ID: 1 - Citas propias: 0 - Citas hijos: 0 - Total: 0
[2025-07-21 18:52:20] Ejecutivos con citas encontrados: 15
[2025-07-21 18:52:20] REQUEST recibido: Array
(
    [action] => obtener_citas_totales_por_plantel
    [id_pla] => 3
)

[2025-07-21 18:52:20] REQUEST recibido: Array
(
    [action] => obtener_citas_totales_por_plantel
    [id_pla] => 6
)

[2025-07-21 18:52:20] REQUEST recibido: Array
(
    [action] => obtener_citas_totales_por_plantel
    [id_pla] => 2
)

[2025-07-21 18:52:23] REQUEST recibido: Array
(
    [action] => obtener_planteles
)

[2025-07-21 18:52:23] Query planteles: SELECT id_pla, nom_pla, fec_pla FROM plantel ORDER BY nom_pla ASC
[2025-07-21 18:52:23] Planteles encontrados: 3
[2025-07-21 18:52:31] REQUEST recibido: Array
(
    [action] => obtener_planteles
)

[2025-07-21 18:52:31] Query planteles: SELECT id_pla, nom_pla, fec_pla FROM plantel ORDER BY nom_pla ASC
[2025-07-21 18:52:31] Planteles encontrados: 3
[2025-07-21 18:52:31] REQUEST recibido: Array
(
    [action] => obtener_citas_totales_por_plantel
    [id_pla] => 6
)

[2025-07-21 18:52:31] REQUEST recibido: Array
(
    [action] => obtener_citas_totales_por_plantel
    [id_pla] => 3
)

[2025-07-21 18:52:31] REQUEST recibido: Array
(
    [action] => obtener_citas_totales_por_plantel
    [id_pla] => 2
)

[2025-07-21 18:52:31] REQUEST recibido: Array
(
    [action] => obtener_ejecutivos_con_citas
)

[2025-07-21 18:52:31] Query ejecutivos con citas: SELECT e.id_eje, e.nom_eje, e.tel_eje, e.eli_eje, e.id_padre, e.id_pla, e.ult_eje,
					         p.nom_pla as plantel_principal,
					         COUNT(DISTINCT c.id_cit) as citas_propias,
					         GROUP_CONCAT(DISTINCT CONCAT(pa.id_pla, ':', pa.nom_pla) SEPARATOR '|') as planteles_asociados,
					         COUNT(DISTINCT pe.id_pla) as total_planteles_asociados,
					         CASE 
					             WHEN e.ult_eje IS NULL THEN 'sin_sesion'
					             WHEN TIMESTAMPDIFF(DAY, e.ult_eje, NOW()) <= 1 THEN 'verde'
					             WHEN TIMESTAMPDIFF(DAY, e.ult_eje, NOW()) BETWEEN 2 AND 3 THEN 'amarillo'
					             WHEN TIMESTAMPDIFF(DAY, e.ult_eje, NOW()) >= 4 THEN 'rojo'
					             ELSE 'sin_sesion'
					         END as semaforo_sesion,
					         TIMESTAMPDIFF(DAY, e.ult_eje, NOW()) as dias_desde_ultima_sesion
					  FROM ejecutivo e 
					  LEFT JOIN plantel p ON e.id_pla = p.id_pla 
					  LEFT JOIN cita c ON e.id_eje = c.id_eje2 AND c.eli_cit = 1 
					  LEFT JOIN planteles_ejecutivo pe ON e.id_eje = pe.id_eje
					  LEFT JOIN plantel pa ON pe.id_pla = pa.id_pla
					  GROUP BY e.id_eje, e.nom_eje, e.tel_eje, e.eli_eje, e.id_padre, e.id_pla, e.ult_eje, p.nom_pla
					  ORDER BY e.eli_eje DESC, e.nom_eje ASC
[2025-07-21 18:52:31] Ejecutivo ID: 9 - Citas propias: 6 - Citas hijos: 0 - Total: 6
[2025-07-21 18:52:31] Ejecutivo ID: 11 - Citas propias: 6 - Citas hijos: 0 - Total: 6
[2025-07-21 18:52:31] Ejecutivo ID: 16 - Citas propias: 5 - Citas hijos: 6 - Total: 11
[2025-07-21 18:52:31] Ejecutivo ID: 11 - Citas propias: 6 - Citas hijos: 0 - Total: 6
[2025-07-21 18:52:31] Ejecutivo ID: 13 - Citas propias: 4 - Citas hijos: 0 - Total: 4
[2025-07-21 18:52:31] Ejecutivo ID: 12 - Citas propias: 5 - Citas hijos: 4 - Total: 9
[2025-07-21 18:52:31] Ejecutivo ID: 6 - Citas propias: 4 - Citas hijos: 0 - Total: 4
[2025-07-21 18:52:31] Ejecutivo ID: 21 - Citas propias: 5 - Citas hijos: 0 - Total: 5
[2025-07-21 18:52:31] Ejecutivo ID: 15 - Citas propias: 6 - Citas hijos: 9 - Total: 15
[2025-07-21 18:52:31] Ejecutivo ID: 18 - Citas propias: 5 - Citas hijos: 0 - Total: 5
[2025-07-21 18:52:31] Ejecutivo ID: 6 - Citas propias: 4 - Citas hijos: 0 - Total: 4
[2025-07-21 18:52:31] Ejecutivo ID: 4 - Citas propias: 6 - Citas hijos: 0 - Total: 6
[2025-07-21 18:52:31] Ejecutivo ID: 10 - Citas propias: 4 - Citas hijos: 0 - Total: 4
[2025-07-21 18:52:31] Ejecutivo ID: 2 - Citas propias: 5 - Citas hijos: 0 - Total: 5
[2025-07-21 18:52:31] Ejecutivo ID: 14 - Citas propias: 5 - Citas hijos: 0 - Total: 5
[2025-07-21 18:52:31] Ejecutivo ID: 21 - Citas propias: 5 - Citas hijos: 0 - Total: 5
[2025-07-21 18:52:31] Ejecutivo ID: 20 - Citas propias: 6 - Citas hijos: 0 - Total: 6
[2025-07-21 18:52:31] Ejecutivo ID: 13 - Citas propias: 4 - Citas hijos: 0 - Total: 4
[2025-07-21 18:52:31] Ejecutivo ID: 1 - Citas propias: 0 - Citas hijos: 0 - Total: 0
[2025-07-21 18:52:31] Ejecutivos con citas encontrados: 15
[2025-07-21 18:52:31] REQUEST recibido: Array
(
    [action] => obtener_citas_totales_por_plantel
    [id_pla] => 3
)

[2025-07-21 18:52:31] REQUEST recibido: Array
(
    [action] => obtener_citas_totales_por_plantel
    [id_pla] => 2
)

[2025-07-21 18:52:38] REQUEST recibido: Array
(
    [action] => mover_ejecutivo
    [id_eje] => 4
    [id_padre] => 
    [id_pla] => 6
)

[2025-07-21 18:52:38] ==============================================
[2025-07-21 18:52:38] MOVER EJECUTIVO - REQUEST RECIBIDO
[2025-07-21 18:52:38] POST data completo: Array
(
    [action] => mover_ejecutivo
    [id_eje] => 4
    [id_padre] => 
    [id_pla] => 6
)

[2025-07-21 18:52:38] Valores procesados:
[2025-07-21 18:52:38] - ID Ejecutivo: 4
[2025-07-21 18:52:38] - ID Padre: NULL
[2025-07-21 18:52:38] - ID Plantel: 6
[2025-07-21 18:52:38] ANTES - Ejecutivo: Francisco Pineda, Padre anterior: , Plantel anterior: 3
[2025-07-21 18:52:38] NUEVO PLANTEL: Plantel Cuautitlán (ID: 6)
[2025-07-21 18:52:38] QUERY MOVER: UPDATE ejecutivo SET id_padre = NULL, id_pla = '6' WHERE id_eje = '4'
[2025-07-21 18:52:38] VERIFICACIÓN - Nuevo padre: , Nuevo plantel: 6
[2025-07-21 18:52:41] WebSocket cambio plantel enviado
[2025-07-21 18:52:41] EJECUTIVO MOVIDO EXITOSAMENTE
[2025-07-21 18:52:41] RESPUESTA ENVIADA: SUCCESS
[2025-07-21 18:52:41] ==============================================
[2025-07-21 18:52:41] REQUEST recibido: Array
(
    [action] => obtener_ejecutivos_con_citas
)

[2025-07-21 18:52:41] Query ejecutivos con citas: SELECT e.id_eje, e.nom_eje, e.tel_eje, e.eli_eje, e.id_padre, e.id_pla, e.ult_eje,
					         p.nom_pla as plantel_principal,
					         COUNT(DISTINCT c.id_cit) as citas_propias,
					         GROUP_CONCAT(DISTINCT CONCAT(pa.id_pla, ':', pa.nom_pla) SEPARATOR '|') as planteles_asociados,
					         COUNT(DISTINCT pe.id_pla) as total_planteles_asociados,
					         CASE 
					             WHEN e.ult_eje IS NULL THEN 'sin_sesion'
					             WHEN TIMESTAMPDIFF(DAY, e.ult_eje, NOW()) <= 1 THEN 'verde'
					             WHEN TIMESTAMPDIFF(DAY, e.ult_eje, NOW()) BETWEEN 2 AND 3 THEN 'amarillo'
					             WHEN TIMESTAMPDIFF(DAY, e.ult_eje, NOW()) >= 4 THEN 'rojo'
					             ELSE 'sin_sesion'
					         END as semaforo_sesion,
					         TIMESTAMPDIFF(DAY, e.ult_eje, NOW()) as dias_desde_ultima_sesion
					  FROM ejecutivo e 
					  LEFT JOIN plantel p ON e.id_pla = p.id_pla 
					  LEFT JOIN cita c ON e.id_eje = c.id_eje2 AND c.eli_cit = 1 
					  LEFT JOIN planteles_ejecutivo pe ON e.id_eje = pe.id_eje
					  LEFT JOIN plantel pa ON pe.id_pla = pa.id_pla
					  GROUP BY e.id_eje, e.nom_eje, e.tel_eje, e.eli_eje, e.id_padre, e.id_pla, e.ult_eje, p.nom_pla
					  ORDER BY e.eli_eje DESC, e.nom_eje ASC
[2025-07-21 18:52:41] Ejecutivo ID: 9 - Citas propias: 6 - Citas hijos: 0 - Total: 6
[2025-07-21 18:52:41] Ejecutivo ID: 11 - Citas propias: 6 - Citas hijos: 0 - Total: 6
[2025-07-21 18:52:41] Ejecutivo ID: 16 - Citas propias: 5 - Citas hijos: 6 - Total: 11
[2025-07-21 18:52:41] Ejecutivo ID: 11 - Citas propias: 6 - Citas hijos: 0 - Total: 6
[2025-07-21 18:52:41] Ejecutivo ID: 13 - Citas propias: 4 - Citas hijos: 0 - Total: 4
[2025-07-21 18:52:41] Ejecutivo ID: 12 - Citas propias: 5 - Citas hijos: 4 - Total: 9
[2025-07-21 18:52:41] Ejecutivo ID: 6 - Citas propias: 4 - Citas hijos: 0 - Total: 4
[2025-07-21 18:52:41] Ejecutivo ID: 21 - Citas propias: 5 - Citas hijos: 0 - Total: 5
[2025-07-21 18:52:41] Ejecutivo ID: 15 - Citas propias: 6 - Citas hijos: 9 - Total: 15
[2025-07-21 18:52:41] Ejecutivo ID: 18 - Citas propias: 5 - Citas hijos: 0 - Total: 5
[2025-07-21 18:52:41] Ejecutivo ID: 6 - Citas propias: 4 - Citas hijos: 0 - Total: 4
[2025-07-21 18:52:41] Ejecutivo ID: 4 - Citas propias: 6 - Citas hijos: 0 - Total: 6
[2025-07-21 18:52:41] Ejecutivo ID: 10 - Citas propias: 4 - Citas hijos: 0 - Total: 4
[2025-07-21 18:52:41] Ejecutivo ID: 2 - Citas propias: 5 - Citas hijos: 0 - Total: 5
[2025-07-21 18:52:41] Ejecutivo ID: 14 - Citas propias: 5 - Citas hijos: 0 - Total: 5
[2025-07-21 18:52:41] Ejecutivo ID: 21 - Citas propias: 5 - Citas hijos: 0 - Total: 5
[2025-07-21 18:52:41] Ejecutivo ID: 20 - Citas propias: 6 - Citas hijos: 0 - Total: 6
[2025-07-21 18:52:41] Ejecutivo ID: 13 - Citas propias: 4 - Citas hijos: 0 - Total: 4
[2025-07-21 18:52:41] Ejecutivo ID: 1 - Citas propias: 0 - Citas hijos: 0 - Total: 0
[2025-07-21 18:52:41] Ejecutivos con citas encontrados: 15
[2025-07-21 18:52:41] REQUEST recibido: Array
(
    [action] => obtener_citas_totales_por_plantel
    [id_pla] => 6
)

[2025-07-21 18:52:41] REQUEST recibido: Array
(
    [action] => obtener_citas_totales_por_plantel
    [id_pla] => 3
)

[2025-07-21 18:52:41] REQUEST recibido: Array
(
    [action] => obtener_citas_totales_por_plantel
    [id_pla] => 2
)

[2025-07-21 18:52:48] REQUEST recibido: Array
(
    [action] => obtener_planteles
)

[2025-07-21 18:52:48] Query planteles: SELECT id_pla, nom_pla, fec_pla FROM plantel ORDER BY nom_pla ASC
[2025-07-21 18:52:48] Planteles encontrados: 3
